test.obj : error LNK2019: ссылка на неразрешенный внешний символ "public: int __thiscall NewClass::sum(int,int)" (?sum@NewClass@@QAEHHH@Z) в функции "private: virtual void __thiscall TestCaseName_TestName_Test::TestBody(void)" (?TestBody@TestCaseName_TestName_Test@@EAEXXZ).
D:\Projects\ForTestsC++\Debug\Sample-Test1.exe : fatal error LNK1120: неразрешенных внешних элементов: 1
